build/app/outputs/mapping/release/seeds.txt
com.example.emotionsandcare.MainActivity
com.example.emotionsandcare.MainActivity: MainActivity()
...
io.flutter.plugins.firebase.core.FlutterFirebasePluginRegistry: void lambda$getPluginConstantsForFirebaseApp$0(com.google.firebase.FirebaseApp,com.google.android.gms.tasks.TaskCompletionSource)
androidx.core.view.ViewParentCompat$Api21Impl: boolean onNestedFling(android.view.ViewParent,android.view.View,float,float,boolean)
androidx.core.view.WindowInsetsCompat$BuilderImpl: void setStableInsets(androidx.core.graphics.Insets)
androidx.core.view.accessibility.AccessibilityNodeInfoCompat$Api33Impl: java.lang.String getUniqueId(android.view.accessibility.AccessibilityNodeInfo)
io.flutter.embedding.engine.renderer.FlutterRenderer$ImageReaderSurfaceProducer: void releaseInternal()
androidx.activity.Api34Impl: float touchX(android.window.BackEvent)
androidx.appcompat.widget.Toolbar: void setNavigationOnClickListener(android.view.View$OnClickListener)
androidx.window.area.reflectionguard.WindowAreaComponentApi3Requirements: void addRearDisplayPresentationStatusListener(androidx.window.extensions.core.util.function.Consumer)
androidx.appcompat.widget.Toolbar: int getCurrentContentInsetRight()
io.flutter.embedding.engine.renderer.FlutterRenderer$ImageTextureRegistryEntry: FlutterRenderer$ImageTextureRegistryEntry(io.flutter.embedding.engine.renderer.FlutterRenderer,long)
kotlinx.coroutines.android.AndroidDispatcherFactory: java.lang.String hintOnError()
androidx.core.content.ContextCompat$Api24Impl: boolean isDeviceProtectedStorage(android.content.Context)
androidx.core.app.AppOpsManagerCompat$Api23Impl: int noteProxyOp(android.app.AppOpsManager,java.lang.String,java.lang.String)
androidx.appcompat.widget.Toolbar: void setSubtitleTextColor(int)
io.flutter.embedding.engine.renderer.FlutterRenderer$ImageReaderSurfaceProducer: void cleanup()
io.flutter.plugins.firebase.messaging.FlutterFirebaseMessagingInitProvider: FlutterFirebaseMessagingInitProvider()
androidx.appcompat.widget.AppCompatImageButton: void setBackgroundDrawable(android.graphics.drawable.Drawable)
io.flutter.embedding.android.FlutterSurfaceView: io.flutter.embedding.engine.renderer.FlutterRenderer getAttachedRenderer()
androidx.appcompat.widget.Toolbar: int getContentInsetLeft()
androidx.appcompat.widget.SearchView: SearchView(android.content.Context,android.util.AttributeSet,int)
androidx.core.widget.TextViewCompat$Api23Impl: int getBreakStrategy(android.widget.TextView)
androidx.preference.CheckBoxPreference: CheckBoxPreference(android.content.Context,android.util.AttributeSet)
androidx.core.view.WindowInsetsCompat$Impl29: androidx.core.graphics.Insets getTappableElementInsets()
io.flutter.embedding.engine.FlutterJNI: void nativeUpdateDisplayMetrics(long)
androidx.lifecycle.ProcessLifecycleOwner$attach$1: void onActivityPaused(android.app.Activity)
com.google.firebase.concurrent.SequentialExecutor$WorkerRunningState: com.google.firebase.concurrent.SequentialExecutor$WorkerRunningState valueOf(java.lang.String)
androidx.appcompat.widget.SearchView: void setOnSearchClickListener(android.view.View$OnClickListener)
androidx.appcompat.widget.ActionBarContainer: void setTabContainer(androidx.appcompat.widget.ScrollingTabContainerView)
androidx.browser.browseractions.BrowserActionsFallbackMenuView: BrowserActionsFallbackMenuView(android.content.Context,android.util.AttributeSet)
androidx.datastore.preferences.protobuf.GeneratedMessageLite$MethodToInvoke: androidx.datastore.preferences.protobuf.GeneratedMessageLite$MethodToInvoke[] values()
androidx.appcompat.widget.ActionBarOverlayLayout: void setShowingForActionMode(boolean)
androidx.appcompat.widget.Toolbar: int getContentInsetRight()
io.flutter.embedding.engine.renderer.FlutterRenderer$ImageReaderSurfaceProducer: void onImage(android.media.ImageReader,android.media.Image)
androidx.core.view.ViewCompat$Api26Impl: android.view.View keyboardNavigationClusterSearch(android.view.View,android.view.View,int)