build/app/outputs/mapping/release/mapping.txt
# compiler: R8
# compiler_version: 8.7.18
# min_api: 21
# common_typos_disable
# {"id":"com.android.tools.r8.mapping","version":"2.2"}
# pg_map_id: b2564cc
# pg_map_hash: SHA-256 b2564cc0ae0c5290f096686606b5e1badf16bea62663c5d22637ad51f0acc1cb
com.example.emotionsandcare.MainActivity -> com.example.emotionsandcare.MainActivity:
# {"id":"sourceFile","fileName":"MainActivity.kt"}
    1:4:void <init>():5:5 -> <init>
...
androidx.appcompat.widget.TintTypedArray -> androidx.appcompat.widget.u0:
# {"id":"sourceFile","fileName":"TintTypedArray.java"}
    android.content.Context mContext -> a
    android.content.res.TypedArray mWrapped -> b
    android.util.TypedValue mTypedValue -> c
    1:3:void <init>(android.content.Context,android.content.res.TypedArray):67:67 -> <init>
    4:5:void <init>(android.content.Context,android.content.res.TypedArray):68:68 -> <init>
    6:8:void <init>(android.content.Context,android.content.res.TypedArray):69:69 -> <init>
    1:7:boolean getBoolean(int,boolean):151:151 -> a
    1:7:int getColor(int,int):163:163 -> b
    1:8:android.content.res.ColorStateList getColorStateList(int):167:167 -> c
    9:17:android.content.res.ColorStateList getColorStateList(int):168:168 -> c
    18:19:android.content.res.ColorStateList getColorStateList(int):170:170 -> c
    20:26:android.content.res.ColorStateList getColorStateList(int):171:171 -> c
    27:33:android.content.res.ColorStateList getColorStateList(int):177:177 -> c
    1:7:int getDimensionPixelOffset(int,int):189:189 -> d
    1:7:int getDimensionPixelSize(int,int):193:193 -> e
    1:8:android.graphics.drawable.Drawable getDrawable(int):73:73 -> f
    9:17:android.graphics.drawable.Drawable getDrawable(int):74:74 -> f
    18:24:android.graphics.drawable.Drawable getDrawable(int):76:76 -> f
    25:31:android.graphics.drawable.Drawable getDrawable(int):79:79 -> f
    1:7:float getFloat(int,float):159:159 -> g
androidx.appcompat.widget.Toolbar -> androidx.appcompat.widget.Toolbar:
# {"id":"sourceFile","fileName":"Toolbar.java"}
    android.content.res.ColorStateList mTitleTextColor -> A
    android.content.res.ColorStateList mSubtitleTextColor -> B
    boolean mEatingTouch -> C
    boolean mEatingHover -> D
    java.util.ArrayList mTempViews -> E
    java.util.ArrayList mHiddenViews -> F
    int[] mTempMargins -> G
    androidx.appcompat.widget.ActionMenuView$OnMenuItemClickListener mMenuViewItemClickListener -> H
      # {"id":"com.android.tools.r8.residualsignature","signature":"Landroidx/appcompat/widget/ActionMenuView$e;"}
    androidx.appcompat.widget.ToolbarWidgetWrapper mWrapper -> I
      # {"id":"com.android.tools.r8.residualsignature","signature":"Landroidx/appcompat/widget/v0;"}
    androidx.appcompat.widget.ActionMenuPresenter mOuterActionMenuPresenter -> J
      # {"id":"com.android.tools.r8.residualsignature","signature":"Landroidx/appcompat/widget/c;"}
    androidx.appcompat.widget.Toolbar$ExpandedActionViewMenuPresenter mExpandedMenuPresenter -> K
      # {"id":"com.android.tools.r8.residualsignature","signature":"Landroidx/appcompat/widget/Toolbar$d;"}
    androidx.appcompat.view.menu.MenuPresenter$Callback mActionMenuPresenterCallback -> L
      # {"id":"com.android.tools.r8.residualsignature","signature":"Landroidx/appcompat/view/menu/h$a;"}
    androidx.appcompat.view.menu.MenuBuilder$Callback mMenuBuilderCallback -> M
androidx.appcompat.widget.Toolbar$1 -> androidx.appcompat.widget.Toolbar$a:
# {"id":"sourceFile","fileName":"Toolbar.java"}
    androidx.appcompat.widget.Toolbar this$0 -> a
    1:6:void <init>(androidx.appcompat.widget.Toolbar):203:203 -> <init>
    1:7:boolean onMenuItemClick(android.view.MenuItem):206:206 -> onMenuItemClick
androidx.appcompat.widget.Toolbar$2 -> androidx.appcompat.widget.Toolbar$b:
# {"id":"sourceFile","fileName":"Toolbar.java"}
    androidx.appcompat.widget.Toolbar this$0 -> e
    1:6:void <init>(androidx.appcompat.widget.Toolbar):221:221 -> <init>
    1:6:void run():223:223 -> run
androidx.appcompat.widget.Toolbar$3 -> androidx.appcompat.widget.Toolbar$c:
# {"id":"sourceFile","fileName":"Toolbar.java"}
    androidx.appcompat.widget.Toolbar this$0 -> b
    1:6:void <init>(androidx.appcompat.widget.Toolbar):1500:1500 -> <init>
    1:6:void onClick(android.view.View):1503:1503 -> onClick