build/app/outputs/mapping/release/usage.txt
com.example.emotionsandcare.R$drawable
com.example.emotionsandcare.R$mipmap
com.example.emotionsandcare.R$string
com.example.emotionsandcare.R$style
com.example.emotionsandcare.R
...
androidx.appcompat.widget.AppCompatSpinner$DropDownAdapter
androidx.appcompat.widget.AppCompatSpinner$DropdownPopup$1
androidx.appcompat.widget.AppCompatSpinner$DropdownPopup$2
androidx.appcompat.widget.AppCompatSpinner$DropdownPopup$3
androidx.appcompat.widget.AppCompatSpinner$DropdownPopup
androidx.appcompat.widget.AppCompatSpinner$SavedState$1
androidx.appcompat.widget.AppCompatSpinner$SavedState
androidx.appcompat.widget.AppCompatSpinner$SpinnerPopup
androidx.appcompat.widget.AppCompatSpinner
androidx.appcompat.widget.AppCompatTextHelper:
    private static final int MONOSPACE
    private static final int SANS
    private static final int SERIF
    private static final int TEXT_FONT_WEIGHT_UNSPECIFIED
androidx.appcompat.widget.AppCompatTextViewAutoSizeHelper:
    private static final int DEFAULT_AUTO_SIZE_GRANULARITY_IN_PX
    private static final int DEFAULT_AUTO_SIZE_MAX_TEXT_SIZE_IN_SP
    private static final int DEFAULT_AUTO_SIZE_MIN_TEXT_SIZE_IN_SP
    private static final java.lang.String TAG
    static final float UNSET_AUTO_SIZE_UNIFORM_CONFIGURATION_VALUE
    private static final int VERY_WIDE
androidx.appcompat.widget.AppCompatToggleButton
androidx.appcompat.widget.ButtonBarLayout:
    private static final int PEEK_BUTTON_DP
androidx.appcompat.widget.ContentFrameLayout:
    public void <init>(android.content.Context)
    public void setDecorPadding(int,int,int,int)
androidx.appcompat.widget.DecorContentParent
androidx.appcompat.widget.DecorToolbar:
    public abstract void animateToVisibility(int)
    public abstract boolean canShowOverflowMenu()
    public abstract void collapseActionView()
    public abstract void dismissPopupMenus()
    public abstract android.content.Context getContext()
    public abstract android.view.View getCustomView()
    public abstract int getDisplayOptions()
    public abstract int getDropdownItemCount()
    public abstract int getDropdownSelectedPosition()
    public abstract int getHeight()
    public abstract android.view.Menu getMenu()
    public abstract int getNavigationMode()
    public abstract java.lang.CharSequence getSubtitle()
    public abstract android.view.ViewGroup getViewGroup()
    public abstract int getVisibility()
    public abstract boolean hasEmbeddedTabs()
    public abstract boolean hasExpandedActionView()
    public abstract boolean hasIcon()
    public abstract boolean hasLogo()
    public abstract boolean hideOverflowMenu()
    public abstract void initIndeterminateProgress()
    public abstract void initProgress()
    public abstract boolean isOverflowMenuShowPending()
    public abstract boolean isOverflowMenuShowing()
    public abstract boolean isTitleTruncated()
    public abstract void restoreHierarchyState(android.util.SparseArray)
    public abstract void saveHierarchyState(android.util.SparseArray)
    public abstract void setBackgroundDrawable(android.graphics.drawable.Drawable)
androidx.appcompat.widget.DialogTitle:
    public void <init>(android.content.Context)
    public void <init>(android.content.Context,android.util.AttributeSet,int)
androidx.appcompat.widget.DrawableUtils:
    private static final java.lang.String TAG
    private static final java.lang.String VECTOR_DRAWABLE_CLAZZ_NAME
    private void <init>()
androidx.appcompat.widget.DropDownListView:
    public static final int INVALID_POSITION
    public static final int NO_POSITION
    public int lookForSelectablePosition(int,boolean)
androidx.appcompat.widget.FitWindowsFrameLayout:
    public void <init>(android.content.Context)
androidx.appcompat.widget.FitWindowsLinearLayout:
    public void <init>(android.content.Context)
androidx.appcompat.widget.FitWindowsViewGroup
androidx.appcompat.widget.LinearLayoutCompat$DividerMode
androidx.appcompat.widget.LinearLayoutCompat$LayoutParams:
    public void <init>(int,int,float)
    public void <init>(android.view.ViewGroup$MarginLayoutParams)
    public void <init>(androidx.appcompat.widget.LinearLayoutCompat$LayoutParams)